About to initialize Organism with chromosomes ...
About to init Chromosome with instances (  1303  1022  1824  593  627  2335  ).
KMeans
Clusterer building loop 0 ...
Moved 2340 instances
E=1.601371	 P=0.617094	 F=0.554757	 NMI=0.141439
Clusterer building loop 1 ...
Moved 272 instances
E=1.406898	 P=0.638034	 F=0.551971	 NMI=0.247547
Clusterer building loop 2 ...
Moved 232 instances
E=1.282898	 P=0.643162	 F=0.521956	 NMI=0.298792
Clusterer building loop 3 ...
Moved 175 instances
E=1.212292	 P=0.641026	 F=0.490172	 NMI=0.322622
Clusterer building loop 4 ...
Moved 207 instances
E=1.113638	 P=0.641026	 F=0.541282	 NMI=0.359929
Clusterer building loop 5 ...
Moved 216 instances
E=1.011531	 P=0.691026	 F=0.603414	 NMI=0.400501
Clusterer building loop 6 ...
Moved 237 instances
E=0.843389	 P=0.762821	 F=0.671123	 NMI=0.476387
Clusterer building loop 7 ...
Moved 204 instances
E=0.736229	 P=0.819231	 F=0.706354	 NMI=0.522767
Clusterer building loop 8 ...
Moved 189 instances
E=0.674915	 P=0.849145	 F=0.716519	 NMI=0.548511
Clusterer building loop 9 ...
Moved 117 instances
E=0.622638	 P=0.851282	 F=0.722441	 NMI=0.570418
Clusterer building loop 10 ...
Moved 59 instances
E=0.608107	 P=0.850000	 F=0.721123	 NMI=0.574882
Clusterer building loop 11 ...
Moved 51 instances
E=0.570924	 P=0.849145	 F=0.724677	 NMI=0.591270
Clusterer building loop 12 ...
Moved 47 instances
E=0.544826	 P=0.848718	 F=0.723448	 NMI=0.603079
Clusterer building loop 13 ...
Moved 37 instances
E=0.521006	 P=0.847436	 F=0.724112	 NMI=0.614481
Clusterer building loop 14 ...
Moved 23 instances
E=0.511443	 P=0.846581	 F=0.724986	 NMI=0.618671
Clusterer building loop 15 ...
Moved 25 instances
E=0.502139	 P=0.845299	 F=0.725662	 NMI=0.622831
Clusterer building loop 16 ...
Moved 27 instances
E=0.489319	 P=0.852991	 F=0.726249	 NMI=0.628771
Clusterer building loop 17 ...
Moved 32 instances
E=0.470537	 P=0.862393	 F=0.727924	 NMI=0.637809
Clusterer building loop 18 ...
Moved 23 instances
E=0.452770	 P=0.869231	 F=0.729981	 NMI=0.646669
Clusterer building loop 19 ...
Moved 14 instances
E=0.441975	 P=0.873932	 F=0.731298	 NMI=0.652057
Clusterer building loop 20 ...
Moved 13 instances
E=0.431950	 P=0.877778	 F=0.732842	 NMI=0.657118
Clusterer building loop 21 ...
Moved 10 instances
E=0.423470	 P=0.880769	 F=0.734440	 NMI=0.661385
Clusterer building loop 22 ...
Moved 5 instances
E=0.418539	 P=0.882479	 F=0.735028	 NMI=0.663929
Clusterer building loop 23 ...
Moved 4 instances
E=0.415396	 P=0.883333	 F=0.735697	 NMI=0.665364
Clusterer building loop 24 ...
Moved 2 instances
E=0.413889	 P=0.883761	 F=0.735887	 NMI=0.666105
Clusterer building loop 25 ...
Moved 1 instances
E=0.413575	 P=0.883761	 F=0.736058	 NMI=0.666215
Clusterer building loop 26 ...
Converged!
4	0	0	45	0	11
0	0	0	519	2	0
0	0	0	742	0	0
4	112	141	44	5	24
0	0	0	1	487	0
134	2	0	38	0	25
GA
[0.00065268696864488444]
